<?xml version="1.0" encoding="UTF-8" ?>
<testsuite tests="5" failures="0" name="bbc.forge.dsp.jaxrs.AuditLoggerTest" time="0.013" errors="0" skipped="0">
  <properties>
    <property name="env.keyStorePassword" value="client"/>
    <property name="java.runtime.name" value="Java(TM) SE Runtime Environment"/>
    <property name="sun.boot.library.path" value="/Library/Java/JavaVirtualMachines/jdk1.8.0_221.jdk/Contents/Home/jre/lib"/>
    <property name="java.vm.version" value="25.221-b11"/>
    <property name="http.useProxy" value="true"/>
    <property name="gopherProxySet" value="false"/>
    <property name="java.vm.vendor" value="Oracle Corporation"/>
    <property name="java.vendor.url" value="http://java.oracle.com/"/>
    <property name="path.separator" value=":"/>
    <property name="java.vm.name" value="Java HotSpot(TM) 64-Bit Server VM"/>
    <property name="file.encoding.pkg" value="sun.io"/>
    <property name="user.country" value="GB"/>
    <property name="sun.java.launcher" value="SUN_STANDARD"/>
    <property name="sun.os.patch.level" value="unknown"/>
    <property name="java.vm.specification.name" value="Java Virtual Machine Specification"/>
    <property name="user.dir" value="/Users/davieg01/Documents/workspace/dsp/dsp-api/trunk/dsp-jaxrs"/>
    <property name="java.runtime.version" value="1.8.0_221-b11"/>
    <property name="java.awt.graphicsenv" value="sun.awt.CGraphicsEnvironment"/>
    <property name="jsse.enableSNIExtension" value="false"/>
    <property name="java.endorsed.dirs" value="/Library/Java/JavaVirtualMachines/jdk1.8.0_221.jdk/Contents/Home/jre/lib/endorsed"/>
    <property name="os.arch" value="x86_64"/>
    <property name="java.io.tmpdir" value="/var/folders/95/mj0v5bd1331g4d61kd60x3ss4pk43c/T/"/>
    <property name="env.keyStoreType" value="PKCS12"/>
    <property name="line.separator" value="
"/>
    <property name="java.vm.specification.vendor" value="Oracle Corporation"/>
    <property name="https.proxyHost" value="www-cache.reith.bbc.co.uk"/>
    <property name="os.name" value="Mac OS X"/>
    <property name="javax.net.ssl.keyStore" value="/etc/pki/client.p12"/>
    <property name="classworlds.conf" value="/opt/apache-maven/bin/m2.conf"/>
    <property name="sun.jnu.encoding" value="UTF-8"/>
    <property name="javax.net.ssl.keyStorePassword" value="client"/>
    <property name="env.keyStore" value="/etc/pki/client.p12"/>
    <property name="java.library.path" value="/Users/davieg01/Library/Java/Extensions:/Library/Java/Extensions:/Network/Library/Java/Extensions:/System/Library/Java/Extensions:/usr/lib/java:."/>
    <property name="http.proxyPort" value="80"/>
    <property name="javax.net.ssl.trustStore" value="/etc/pki/jssecacerts"/>
    <property name="java.class.version" value="52.0"/>
    <property name="java.specification.name" value="Java Platform API Specification"/>
    <property name="sun.management.compiler" value="HotSpot 64-Bit Tiered Compilers"/>
    <property name="os.version" value="10.15.4"/>
    <property name="http.nonProxyHosts" value="localhost|pal.sandbox.dev.bbc.co.uk"/>
    <property name="user.home" value="/Users/davieg01"/>
    <property name="user.timezone" value="UTC"/>
    <property name="java.awt.printerjob" value="sun.lwawt.macosx.CPrinterJob"/>
    <property name="java.specification.version" value="1.8"/>
    <property name="file.encoding" value="UTF-8"/>
    <property name="user.name" value="davieg01"/>
    <property name="java.class.path" value="/opt/apache-maven/boot/classworlds-1.1.jar"/>
    <property name="java.vm.specification.version" value="1.8"/>
    <property name="sun.arch.data.model" value="64"/>
    <property name="java.home" value="/Library/Java/JavaVirtualMachines/jdk1.8.0_221.jdk/Contents/Home/jre"/>
    <property name="sun.java.command" value="org.codehaus.classworlds.Launcher &quot;test&quot;"/>
    <property name="java.specification.vendor" value="Oracle Corporation"/>
    <property name="user.language" value="en"/>
    <property name="awt.toolkit" value="sun.lwawt.macosx.LWCToolkit"/>
    <property name="java.vm.info" value="mixed mode"/>
    <property name="java.version" value="1.8.0_221"/>
    <property name="java.ext.dirs" value="/Users/davieg01/Library/Java/Extensions:/Library/Java/JavaVirtualMachines/jdk1.8.0_221.jdk/Contents/Home/jre/lib/ext:/Library/Java/Extensions:/Network/Library/Java/Extensions:/System/Library/Java/Extensions:/usr/lib/java"/>
    <property name="sun.boot.class.path" value="/Library/Java/JavaVirtualMachines/jdk1.8.0_221.jdk/Contents/Home/jre/lib/resources.jar:/Library/Java/JavaVirtualMachines/jdk1.8.0_221.jdk/Contents/Home/jre/lib/rt.jar:/Library/Java/JavaVirtualMachines/jdk1.8.0_221.jdk/Contents/Home/jre/lib/sunrsasign.jar:/Library/Java/JavaVirtualMachines/jdk1.8.0_221.jdk/Contents/Home/jre/lib/jsse.jar:/Library/Java/JavaVirtualMachines/jdk1.8.0_221.jdk/Contents/Home/jre/lib/jce.jar:/Library/Java/JavaVirtualMachines/jdk1.8.0_221.jdk/Contents/Home/jre/lib/charsets.jar:/Library/Java/JavaVirtualMachines/jdk1.8.0_221.jdk/Contents/Home/jre/lib/jfr.jar:/Library/Java/JavaVirtualMachines/jdk1.8.0_221.jdk/Contents/Home/jre/classes"/>
    <property name="http.proxyHost" value="www-cache.reith.bbc.co.uk"/>
    <property name="java.vendor" value="Oracle Corporation"/>
    <property name="https.nonProxyHosts" value="localhost|pal.sandbox.dev.bbc.co.uk"/>
    <property name="maven.home" value="/opt/apache-maven"/>
    <property name="file.separator" value="/"/>
    <property name="java.vendor.url.bug" value="http://bugreport.sun.com/bugreport/"/>
    <property name="javax.net.ssl.keyStoreType" value="PKCS12"/>
    <property name="sun.cpu.endian" value="little"/>
    <property name="sun.io.unicode.encoding" value="UnicodeBig"/>
    <property name="https.proxyPort" value="80"/>
    <property name="socksNonProxyHosts" value="core.bbc.co.uk|*.core.bbc.co.uk|gateway.bbc.co.uk|*.gateway.bbc.co.uk|local|*.local|169.254/16|*.169.254/16|10/8|*.10/8|localhost|*.localhost|localhost.dev.tools.bbc.co.uk|*.localhost.dev.tools.bbc.co.uk|localhost.tools.bbc.co.uk|*.localhost.tools.bbc.co.uk|localhost.bbc.co.uk|*.localhost.bbc.co.uk|news.test.files.bbci.co.uk|*.news.test.files.bbci.co.uk|localhost.tagger|*.localhost.tagger|10.56.108.57|fake|*.fake"/>
    <property name="ftp.nonProxyHosts" value="core.bbc.co.uk|*.core.bbc.co.uk|gateway.bbc.co.uk|*.gateway.bbc.co.uk|local|*.local|169.254/16|*.169.254/16|10/8|*.10/8|localhost|*.localhost|localhost.dev.tools.bbc.co.uk|*.localhost.dev.tools.bbc.co.uk|localhost.tools.bbc.co.uk|*.localhost.tools.bbc.co.uk|localhost.bbc.co.uk|*.localhost.bbc.co.uk|news.test.files.bbci.co.uk|*.news.test.files.bbci.co.uk|localhost.tagger|*.localhost.tagger|10.56.108.57|fake|*.fake"/>
    <property name="sun.cpu.isalist" value=""/>
  </properties>
  <testcase classname="bbc.forge.dsp.jaxrs.AuditLoggerTest" name="with_the_GET_verb_no_log_is_made" time="0"/>
  <testcase classname="bbc.forge.dsp.jaxrs.AuditLoggerTest" name="with_the_DELETE_verb_a_log_is_made" time="0.01"/>
  <testcase classname="bbc.forge.dsp.jaxrs.AuditLoggerTest" name="with_no_email_header_a_log_is_made" time="0.001"/>
  <testcase classname="bbc.forge.dsp.jaxrs.AuditLoggerTest" name="with_a_query_string_a_log_is_made_including_the_string" time="0.001"/>
  <testcase classname="bbc.forge.dsp.jaxrs.AuditLoggerTest" name="with_badly_formatted_email_header_a_log_is_made" time="0"/>
</testsuite>